<?xml version="1.0" encoding="UTF-8"?>
<!-- Generated by org.testng.reporters.JUnitReportReporter -->
<testsuite hostname="DESKTOP-CJGS9IU" failures="0" tests="4" name="TestNGReports.TestNGReportsExample" time="0.032" errors="0" timestamp="2023-07-15T16:32:42 IST" skipped="0">
  <testcase classname="TestNGReports.TestNGReportsExample" name="testMethod2" time="0.004">
    <system-out>
      <![CDATA[This method test2...]]>
    </system-out>
  </testcase> <!-- testMethod2 -->
  <testcase classname="TestNGReports.TestNGReportsExample" name="testMethod1" time="0.021">
    <system-out>
      <![CDATA[This method test1...]]>
    </system-out>
  </testcase> <!-- testMethod1 -->
  <testcase classname="TestNGReports.TestNGReportsExample" name="testMethod3" time="0.002">
    <system-out>
      <![CDATA[This method test3...]]>
    </system-out>
  </testcase> <!-- testMethod3 -->
  <testcase classname="TestNGReports.TestNGReportsExample" name="testMethod4" time="0.005">
    <system-out>
      <![CDATA[This method test4...]]>
    </system-out>
  </testcase> <!-- testMethod4 -->
  <system-out>
    <![CDATA[This method test1...
This method test2...
This method test3...
This method test4...]]>
  </system-out>
</testsuite> <!-- TestNGReports.TestNGReportsExample -->
