<?xml version="1.0" encoding="UTF-8"?>
<!-- Generated by org.testng.reporters.JUnitReportReporter -->
<testsuite hostname="DESKTOP-CJGS9IU" failures="0" tests="1" name="TestNGReports.TestReportsExample" time="11.574" errors="0" timestamp="2023-07-15T16:27:37 IST" skipped="0">
  <testcase classname="TestNGReports.TestReportsExample" name="googleSearch" time="11.574">
    <system-out>
      <![CDATA[chrome browser opened
URL is opened
Qutub Minar keyword is entered
keyword is pressed..]]>
    </system-out>
  </testcase> <!-- googleSearch -->
  <system-out>
    <![CDATA[chrome browser opened
URL is opened
Qutub Minar keyword is entered
keyword is pressed..]]>
  </system-out>
</testsuite> <!-- TestNGReports.TestReportsExample -->
