<?xml version="1.0" encoding="UTF-8"?>
<!-- Generated by org.testng.reporters.JUnitReportReporter -->
<testsuite hostname="DESKTOP-CJGS9IU" failures="0" tests="2" name="com.TestNG.CurrentAcTestClass2" time="0.022" errors="0" timestamp="2023-06-23T05:09:54 PDT" skipped="0">
  <testcase classname="com.TestNG.CurrentAcTestClass2" name="test1" time="0.019"/>
  <testcase classname="com.TestNG.CurrentAcTestClass2" name="test2" time="0.003"/>
</testsuite> <!-- com.TestNG.CurrentAcTestClass2 -->
