<?xml version="1.0" encoding="UTF-8"?>
<!-- Generated by org.testng.reporters.JUnitReportReporter -->
<testsuite hostname="DESKTOP-TV29QPA" failures="0" tests="2" name="com.TestNG.TestNGExample" time="0.028" errors="0" timestamp="2023-06-10T16:23:32 IST" skipped="0">
  <testcase classname="com.TestNG.TestNGExample" name="test1" time="0.024"/>
  <system-out/>
  <testcase classname="com.TestNG.TestNGExample" name="test2" time="0.004"/>
  <system-out/>
</testsuite> <!-- com.TestNG.TestNGExample -->
