<?xml version="1.0" encoding="UTF-8"?>
<!-- Generated by org.testng.reporters.JUnitReportReporter -->
<testsuite hostname="DESKTOP-TV29QPA" failures="0" tests="1" name="TestNgParameters.AutoMobileClass" time="0.005" errors="0" timestamp="2023-06-21T17:12:20 IST" skipped="0">
  <testcase classname="TestNgParameters.AutoMobileClass" name="Testcase1" time="0.005"/>
</testsuite> <!-- TestNgParameters.AutoMobileClass -->
