<?xml version="1.0" encoding="UTF-8"?>
<!-- Generated by org.testng.reporters.JUnitReportReporter -->
<testsuite hostname="DESKTOP-TV29QPA" failures="0" tests="3" name="AnnotationsAttributes.AnnotationAttributes1" time="0.251" errors="1" timestamp="2023-06-21T15:15:01 IST" skipped="0">
  <testcase classname="AnnotationsAttributes.AnnotationAttributes1" name="testCase1" time="0.224">
    <error message="Method AnnotationsAttributes.AnnotationAttributes1.testCase1() didn&#039;t finish within the time-out 200" type="org.testng.internal.thread.ThreadTimeoutException">
      <![CDATA[org.testng.internal.thread.ThreadTimeoutException: Method AnnotationsAttributes.AnnotationAttributes1.testCase1() didn't finish within the time-out 200
at java.base/java.lang.Thread.sleep0(Native Method)
at java.base/java.lang.Thread.sleep(Thread.java:484)
at AnnotationsAttributes.AnnotationAttributes1.testCase1(AnnotationAttributes1.java:10)
at java.base/jdk.internal.reflect.DirectMethodHandleAccessor.invoke(DirectMethodHandleAccessor.java:104)
at java.base/java.lang.reflect.Method.invoke(Method.java:578)
at org.testng.internal.invokers.MethodInvocationHelper.invokeMethod(MethodInvocationHelper.java:139)
at org.testng.internal.invokers.InvokeMethodRunnable.runOne(InvokeMethodRunnable.java:47)
at org.testng.internal.invokers.InvokeMethodRunnable.call(InvokeMethodRunnable.java:76)
at org.testng.internal.invokers.InvokeMethodRunnable.call(InvokeMethodRunnable.java:11)
at java.base/java.util.concurrent.FutureTask.run(FutureTask.java:317)
at java.base/java.util.concurrent.ThreadPoolExecutor.runWorker(ThreadPoolExecutor.java:1144)
at java.base/java.util.concurrent.ThreadPoolExecutor$Worker.run(ThreadPoolExecutor.java:642)
at java.base/java.lang.Thread.run(Thread.java:1623)
]]>
    </error>
  </testcase> <!-- testCase1 -->
  <testcase classname="AnnotationsAttributes.AnnotationAttributes1" name="testCase3" time="0.019"/>
  <testcase classname="AnnotationsAttributes.AnnotationAttributes1" name="testCase2" time="0.008"/>
</testsuite> <!-- AnnotationsAttributes.AnnotationAttributes1 -->
