<?xml version="1.0" encoding="UTF-8"?>
<!-- Generated by org.testng.reporters.JUnitReportReporter -->
<testsuite hostname="DESKTOP-TV29QPA" failures="0" tests="2" name="TestNgAnnotaions.TestCase2" time="0.014" errors="0" timestamp="2023-06-14T16:55:31 IST" skipped="0">
  <testcase classname="TestNgAnnotaions.TestCase2" name="test3" time="0.007"/>
  <testcase classname="TestNgAnnotaions.TestCase2" name="test4" time="0.007"/>
</testsuite> <!-- TestNgAnnotaions.TestCase2 -->
