<?xml version="1.0" encoding="UTF-8"?>
<!-- Generated by org.testng.reporters.JUnitReportReporter -->
<testsuite hostname="DESKTOP-TV29QPA" failures="0" tests="2" name="TestNgAnnotaions.TestCase1" time="0.024" errors="0" timestamp="2023-06-14T16:55:31 IST" skipped="0">
  <testcase classname="TestNgAnnotaions.TestCase1" name="test1" time="0.017"/>
  <testcase classname="TestNgAnnotaions.TestCase1" name="test2" time="0.007"/>
</testsuite> <!-- TestNgAnnotaions.TestCase1 -->
