<?xml version="1.0" encoding="UTF-8"?>
<!-- Generated by org.testng.reporters.JUnitReportReporter -->
<testsuite hostname="DESKTOP-CJGS9IU" failures="0" tests="2" name="BatchTesting.PaymentTest" time="0.030" errors="0" timestamp="2023-06-27T01:34:41 PDT" skipped="0">
  <testcase classname="BatchTesting.PaymentTest" name="CashOnDelivery" time="0.027"/>
  <testcase classname="BatchTesting.PaymentTest" name="NetBanking" time="0.003"/>
</testsuite> <!-- BatchTesting.PaymentTest -->
