<?xml version="1.0" encoding="UTF-8"?>
<!-- Generated by org.testng.reporters.JUnitReportReporter -->
<testsuite hostname="DESKTOP-CJGS9IU" failures="0" tests="2" name="BatchTesting.LoginTest" time="0.055" errors="0" timestamp="2023-06-27T01:34:41 PDT" skipped="0">
  <testcase classname="BatchTesting.LoginTest" name="LoginByMobileNumber" time="0.002"/>
  <testcase classname="BatchTesting.LoginTest" name="LoginByEmail" time="0.053"/>
</testsuite> <!-- BatchTesting.LoginTest -->
