<?xml version="1.0" encoding="UTF-8"?>
<!-- Generated by org.testng.reporters.JUnitReportReporter -->
<testsuite hostname="DESKTOP-CJGS9IU" failures="0" tests="1" name="ParellelTestExeNG.ParallelTestDemo2" time="7.285" errors="0" timestamp="2023-06-24T04:01:42 PDT" skipped="0">
  <testcase classname="ParellelTestExeNG.ParallelTestDemo2" name="verifyLogin" time="7.285"/>
</testsuite> <!-- ParellelTestExeNG.ParallelTestDemo2 -->
