<?xml version="1.0" encoding="UTF-8"?>
<!-- Generated by org.testng.reporters.JUnitReportReporter -->
<testsuite hostname="DESKTOP-TV29QPA" failures="0" tests="2" name="AnnotationsAttributes.GroupsAttributes" time="0.020" errors="0" timestamp="2023-06-21T16:14:30 IST" skipped="0">
  <testcase classname="AnnotationsAttributes.GroupsAttributes" name="Tata" time="0.002"/>
  <testcase classname="AnnotationsAttributes.GroupsAttributes" name="Maruti" time="0.018"/>
</testsuite> <!-- AnnotationsAttributes.GroupsAttributes -->
