<?xml version="1.0" encoding="UTF-8"?>
<!-- Generated by org.testng.reporters.JUnitReportReporter -->
<testsuite hostname="DESKTOP-TV29QPA" failures="0" tests="3" name="AnnotationsAttributes.AnnotationAttributes" time="0.032" errors="0" timestamp="2023-06-21T15:17:29 IST" skipped="0">
  <testcase classname="AnnotationsAttributes.AnnotationAttributes" name="testCase2" time="0.002"/>
  <testcase classname="AnnotationsAttributes.AnnotationAttributes" name="testCase3" time="0.006"/>
  <testcase classname="AnnotationsAttributes.AnnotationAttributes" name="testCase1" time="0.024"/>
</testsuite> <!-- AnnotationsAttributes.AnnotationAttributes -->
