<?xml version="1.0" encoding="UTF-8"?>
<!-- Generated by org.testng.reporters.JUnitReportReporter -->
<testsuite hostname="DESKTOP-TV29QPA" failures="0" tests="3" name="AnnotationsAttributes.PriorityParameter" time="0.031" errors="0" timestamp="2023-06-21T15:21:29 IST" skipped="0">
  <testcase classname="AnnotationsAttributes.PriorityParameter" name="testCase3" time="0.023"/>
  <testcase classname="AnnotationsAttributes.PriorityParameter" name="testCase1" time="0.005"/>
  <testcase classname="AnnotationsAttributes.PriorityParameter" name="testCase2" time="0.003"/>
</testsuite> <!-- AnnotationsAttributes.PriorityParameter -->
