<?xml version="1.0" encoding="UTF-8"?>
<!-- Generated by org.testng.reporters.JUnitReportReporter -->
<testsuite hostname="DESKTOP-TV29QPA" failures="0" tests="2" name="EnableDisableTestCases.LoanDepartment" time="0.023" errors="0" timestamp="2023-06-14T15:45:10 IST" skipped="0">
  <testcase classname="EnableDisableTestCases.LoanDepartment" name="MobileLoginPersonalLoan" time="0.004"/>
  <testcase classname="EnableDisableTestCases.LoanDepartment" name="MobileLoginAutomobileLoan" time="0.019"/>
</testsuite> <!-- EnableDisableTestCases.LoanDepartment -->
