<?xml version="1.0" encoding="UTF-8"?>
<!-- Generated by org.testng.reporters.JUnitReportReporter -->
<testsuite hostname="DESKTOP-CJGS9IU" failures="0" tests="2" name="com.TestNG.CurrentAcTestClass1" time="0.031" errors="0" timestamp="2023-06-23T05:05:20 PDT" skipped="0">
  <testcase classname="com.TestNG.CurrentAcTestClass1" name="test1" time="0.027"/>
  <testcase classname="com.TestNG.CurrentAcTestClass1" name="test2" time="0.004"/>
</testsuite> <!-- com.TestNG.CurrentAcTestClass1 -->
