<?xml version="1.0" encoding="UTF-8"?>
<!-- Generated by org.testng.reporters.JUnitReportReporter -->
<testsuite hostname="DESKTOP-TV29QPA" failures="0" tests="3" name="TestNgParameters.TestNGParameterDemo" time="0.036" errors="0" timestamp="2023-06-21T16:53:50 IST" skipped="0">
  <testcase classname="TestNgParameters.TestNGParameterDemo" name="add" time="0.025"/>
  <testcase classname="TestNgParameters.TestNGParameterDemo" name="substraction" time="0.008"/>
  <testcase classname="TestNgParameters.TestNGParameterDemo" name="multiplication" time="0.003"/>
</testsuite> <!-- TestNgParameters.TestNGParameterDemo -->
