<?xml version="1.0" encoding="UTF-8"?>
<!-- Generated by org.testng.reporters.JUnitReportReporter -->
<testsuite hostname="DESKTOP-CJGS9IU" failures="0" tests="2" name="ParellelTestExeNG.ParallelTestDemo1" time="16.015" errors="0" timestamp="2023-06-24T04:01:42 PDT" skipped="0">
  <testcase classname="ParellelTestExeNG.ParallelTestDemo1" name="verifyTitle" time="6.658"/>
  <testcase classname="ParellelTestExeNG.ParallelTestDemo1" name="verifyLogo" time="9.357"/>
</testsuite> <!-- ParellelTestExeNG.ParallelTestDemo1 -->
