<?xml version="1.0" encoding="UTF-8"?>
<!-- Generated by org.testng.reporters.JUnitReportReporter -->
<testsuite hostname="DESKTOP-CJGS9IU" failures="0" tests="3" name="BatchTesting.ProductPageTest" time="0.013" errors="0" timestamp="2023-06-27T01:34:41 PDT" skipped="0">
  <testcase classname="BatchTesting.ProductPageTest" name="AddProductToWishList" time="0.005"/>
  <testcase classname="BatchTesting.ProductPageTest" name="SelectQuantity" time="0.003"/>
  <testcase classname="BatchTesting.ProductPageTest" name="AddProductToCart" time="0.005"/>
</testsuite> <!-- BatchTesting.ProductPageTest -->
