<?xml version="1.0" encoding="UTF-8"?>
<!-- Generated by org.testng.reporters.JUnitReportReporter -->
<testsuite hostname="DESKTOP-TV29QPA" failures="0" tests="1" name="com.TestNG.TestNGWizaardDemo" time="22.019" errors="0" timestamp="2023-06-13T10:09:47 IST" skipped="0">
  <testcase classname="com.TestNG.TestNGWizaardDemo" name="f" time="22.019"/>
  <system-out/>
</testsuite> <!-- com.TestNG.TestNGWizaardDemo -->
