<?xml version="1.0" encoding="UTF-8"?>
<!-- Generated by org.testng.reporters.JUnitReportReporter -->
<testsuite hostname="DESKTOP-TV29QPA" failures="0" tests="3" name="AnnotationsAttributes.EnabledDisabledAttributes" time="0.019" errors="0" timestamp="2023-06-21T16:02:19 IST" skipped="1">
  <testcase classname="AnnotationsAttributes.EnabledDisabledAttributes" name="testCase1" time="0.017"/>
  <testcase classname="AnnotationsAttributes.EnabledDisabledAttributes" name="testCase2" time="0.002"/>
  <testcase classname="AnnotationsAttributes.EnabledDisabledAttributes" name="testCase3">
    <skipped/>
  </testcase> <!-- testCase3 -->
</testsuite> <!-- AnnotationsAttributes.EnabledDisabledAttributes -->
