<?xml version="1.0" encoding="UTF-8"?>
<!-- Generated by org.testng.reporters.JUnitReportReporter -->
<testsuite hostname="DESKTOP-CJGS9IU" failures="0" tests="2" name="TestNgParameters.TestNgParameterGoogleSearch" time="16.655" errors="0" timestamp="2023-06-23T05:18:39 PDT" skipped="0">
  <testcase classname="TestNgParameters.TestNgParameterGoogleSearch" name="googleSearch" time="9.551"/>
  <testcase classname="TestNgParameters.TestNgParameterGoogleSearch" name="googleSearch" time="7.104"/>
</testsuite> <!-- TestNgParameters.TestNgParameterGoogleSearch -->
