<?xml version="1.0" encoding="UTF-8"?>
<!-- Generated by org.testng.reporters.JUnitReportReporter -->
<testsuite hostname="DESKTOP-CJGS9IU" failures="0" tests="3" name="BatchTesting.HomeScreenTest" time="0.010" errors="0" timestamp="2023-06-27T01:34:41 PDT" skipped="0">
  <testcase classname="BatchTesting.HomeScreenTest" name="VerifyLogo" time="0.003"/>
  <testcase classname="BatchTesting.HomeScreenTest" name="LaunchApplication" time="0.004"/>
  <testcase classname="BatchTesting.HomeScreenTest" name="VerifyTitle" time="0.003"/>
</testsuite> <!-- BatchTesting.HomeScreenTest -->
